{
  "stats": {
    "suites": 2,
    "tests": 12,
    "passes": 12,
    "pending": 0,
    "failures": 0,
    "start": "2022-03-02T20:03:17.012Z",
    "end": "2022-03-02T20:04:39.662Z",
    "duration": 82650,
    "testsRegistered": 12,
    "passPercent": 100,
    "pendingPercent": 0,
    "other": 0,
    "hasOther": false,
    "skipped": 0,
    "hasSkipped": false
  },
  "results": [
    {
      "uuid": "ad702496-960e-4730-ae17-2741c0a7f142",
      "title": "",
      "fullFile": "",
      "file": "",
      "beforeHooks": [],
      "afterHooks": [],
      "tests": [],
      "suites": [
        {
          "uuid": "b8d6fb1c-78d6-486f-aee0-5f23373ad58b",
          "title": "connection",
          "fullFile": "D:\\codecept\\connection_test.js",
          "file": "\\connection_test.js",
          "beforeHooks": [
            {
              "title": "\"before all\" hook: codeceptjs.beforeSuite in \"connection\"",
              "fullTitle": "connection \"before all\" hook: codeceptjs.beforeSuite in \"connection\"",
              "timedOut": false,
              "duration": 2046,
              "state": null,
              "speed": null,
              "pass": false,
              "fail": false,
              "pending": false,
              "context": null,
              "code": "scenario.suiteSetup(suite)",
              "err": {},
              "uuid": "2a9246da-de7e-4ab3-a4e7-7944b12aa745",
              "parentUUID": "b8d6fb1c-78d6-486f-aee0-5f23373ad58b",
              "isHook": true,
              "skipped": false
            },
            {
              "title": "\"before each\" hook: codeceptjs.before in \"connection\"",
              "fullTitle": "connection \"before each\" hook: codeceptjs.before in \"connection\"",
              "timedOut": false,
              "duration": 1,
              "state": null,
              "speed": null,
              "pass": false,
              "fail": false,
              "pending": false,
              "context": null,
              "code": "scenario.setup(suite)",
              "err": {},
              "uuid": "07d94e11-3bff-4453-b903-461ab5d48d4b",
              "parentUUID": "b8d6fb1c-78d6-486f-aee0-5f23373ad58b",
              "isHook": true,
              "skipped": false
            }
          ],
          "afterHooks": [
            {
              "title": "\"after all\" hook: codeceptjs.afterSuite in \"connection\"",
              "fullTitle": "connection \"after all\" hook: codeceptjs.afterSuite in \"connection\"",
              "timedOut": false,
              "duration": 1,
              "state": null,
              "speed": null,
              "pass": false,
              "fail": false,
              "pending": false,
              "context": null,
              "code": "scenario.suiteTeardown(suite)",
              "err": {},
              "uuid": "94d5d475-552b-4e26-9950-c31414941bc2",
              "parentUUID": "b8d6fb1c-78d6-486f-aee0-5f23373ad58b",
              "isHook": true,
              "skipped": false
            },
            {
              "title": "\"after each\" hook: finalize codeceptjs in \"connection\"",
              "fullTitle": "connection \"after each\" hook: finalize codeceptjs in \"connection\"",
              "timedOut": false,
              "duration": 521,
              "state": null,
              "speed": null,
              "pass": false,
              "fail": false,
              "pending": false,
              "context": null,
              "code": "scenario.teardown(suite)",
              "err": {},
              "uuid": "dc2b7e83-71ae-4401-96f0-45f7d14f0284",
              "parentUUID": "b8d6fb1c-78d6-486f-aee0-5f23373ad58b",
              "isHook": true,
              "skipped": false
            }
          ],
          "tests": [
            {
              "title": "validate the status “connection.requiresInput” is present on the UI for the layouts.",
              "fullTitle": "connection: validate the status “connection.requiresInput” is present on the UI for the layouts.",
              "timedOut": false,
              "duration": 35938,
              "state": "passed",
              "speed": "slow",
              "pass": true,
              "fail": false,
              "pending": false,
              "context": null,
              "code": "I }) => {\n    I.amOnPage(\"https://qa-ui.venzee.io\");\n    I.fillField(\n      `//body/div[@id='app']/div[1]/div[2]/div[1]/form[1]/div[1]/input[1]`,\n      \"15ue9nieu297chqv36im8lfc54\"\n    );\n    I.fillField(\n      `//body/div[@id='app']/div[1]/div[2]/div[1]/form[1]/div[2]/input[1]`,\n      \"l457qvbgbe55nple1gd0slos66h0khtf1bmro24j3r03taaf8g9\"\n    );\n    I.click(`//button[contains(text(),'Sign In')]`);\n    I.wait(10);\n    I.click(\"Connections\");\n    I.seeCurrentUrlEquals(\"https://qa-ui.venzee.io/connections\");\n    I.wait(5);\n    I.click(`//div[contains(text(),'shopify')]`);\n    I.wait(10);\n    I.seeElement(\n      `//body/div[@id='app']/div[@id='page']/div[3]/div[2]/div[1]/div[1]/div[1]/div[1]/div[1]/div[1]/div[1]/div[4]/section[1]/div[1]/span[1]`\n    );",
              "err": {},
              "uuid": "25c4ae3c-0cfb-48a1-9606-783144fe6dec",
              "parentUUID": "b8d6fb1c-78d6-486f-aee0-5f23373ad58b",
              "isHook": false,
              "skipped": false
            },
            {
              "title": "validate whether the channel is shopify",
              "fullTitle": "connection: validate whether the channel is shopify",
              "timedOut": false,
              "duration": 12,
              "state": "passed",
              "speed": "fast",
              "pass": true,
              "fail": false,
              "pending": false,
              "context": null,
              "code": "I }) => {\n  I.seeElement(`//span[contains(text(),'Shopify')]`);",
              "err": {},
              "uuid": "7a11a21c-8114-49f0-a6df-69297c9d7027",
              "parentUUID": "b8d6fb1c-78d6-486f-aee0-5f23373ad58b",
              "isHook": false,
              "skipped": false
            },
            {
              "title": "validate the TAG is the same that you used in the creation ( if you used a tag ) for the layouts.",
              "fullTitle": "connection: validate the TAG is the same that you used in the creation ( if you used a tag ) for the layouts.",
              "timedOut": false,
              "duration": 11,
              "state": "passed",
              "speed": "fast",
              "pass": true,
              "fail": false,
              "pending": false,
              "context": null,
              "code": "I }) => {\n    I.seeElement(\n      `//body/div[@id='app']/div[@id='page']/div[3]/div[2]/div[1]/div[1]/div[1]/div[1]/div[1]/div[1]/div[1]/div[2]/section[1]/div[1]`\n    );",
              "err": {},
              "uuid": "f205d007-f016-467b-8270-e441269dee20",
              "parentUUID": "b8d6fb1c-78d6-486f-aee0-5f23373ad58b",
              "isHook": false,
              "skipped": false
            },
            {
              "title": "validate the presence of the “*last updated”*",
              "fullTitle": "connection: validate the presence of the “*last updated”*",
              "timedOut": false,
              "duration": 11,
              "state": "passed",
              "speed": "fast",
              "pass": true,
              "fail": false,
              "pending": false,
              "context": null,
              "code": "I }) => {\n  I.seeElement(\".css-0\");",
              "err": {},
              "uuid": "e89366e4-2f63-4ad8-a3cc-e5d78a6b9b66",
              "parentUUID": "b8d6fb1c-78d6-486f-aee0-5f23373ad58b",
              "isHook": false,
              "skipped": false
            }
          ],
          "suites": [],
          "passes": [
            "25c4ae3c-0cfb-48a1-9606-783144fe6dec",
            "7a11a21c-8114-49f0-a6df-69297c9d7027",
            "f205d007-f016-467b-8270-e441269dee20",
            "e89366e4-2f63-4ad8-a3cc-e5d78a6b9b66"
          ],
          "failures": [],
          "pending": [],
          "skipped": [],
          "duration": 35972,
          "root": false,
          "rootEmpty": false,
          "_timeout": 0
        },
        {
          "uuid": "97feb5c7-0bf2-4fde-a945-6d25a535363c",
          "title": "login",
          "fullFile": "D:\\codecept\\login_test.js",
          "file": "\\login_test.js",
          "beforeHooks": [
            {
              "title": "\"before all\" hook: codeceptjs.beforeSuite in \"login\"",
              "fullTitle": "login \"before all\" hook: codeceptjs.beforeSuite in \"login\"",
              "timedOut": false,
              "duration": 0,
              "state": null,
              "speed": null,
              "pass": false,
              "fail": false,
              "pending": false,
              "context": null,
              "code": "scenario.suiteSetup(suite)",
              "err": {},
              "uuid": "15bd53c2-1063-4b34-8c40-254d5823e342",
              "parentUUID": "97feb5c7-0bf2-4fde-a945-6d25a535363c",
              "isHook": true,
              "skipped": false
            },
            {
              "title": "\"before each\" hook: codeceptjs.before in \"login\"",
              "fullTitle": "login \"before each\" hook: codeceptjs.before in \"login\"",
              "timedOut": false,
              "duration": 1,
              "state": null,
              "speed": null,
              "pass": false,
              "fail": false,
              "pending": false,
              "context": null,
              "code": "scenario.setup(suite)",
              "err": {},
              "uuid": "b5783cb2-210e-48ec-a80a-cc883591df3e",
              "parentUUID": "97feb5c7-0bf2-4fde-a945-6d25a535363c",
              "isHook": true,
              "skipped": false
            }
          ],
          "afterHooks": [
            {
              "title": "\"after all\" hook: codeceptjs.afterSuite in \"login\"",
              "fullTitle": "login \"after all\" hook: codeceptjs.afterSuite in \"login\"",
              "timedOut": false,
              "duration": 1,
              "state": null,
              "speed": null,
              "pass": false,
              "fail": false,
              "pending": false,
              "context": null,
              "code": "scenario.suiteTeardown(suite)",
              "err": {},
              "uuid": "3058b0e4-c397-4d9e-9b4d-5a616eff1884",
              "parentUUID": "97feb5c7-0bf2-4fde-a945-6d25a535363c",
              "isHook": true,
              "skipped": false
            },
            {
              "title": "\"after each\" hook: finalize codeceptjs in \"login\"",
              "fullTitle": "login \"after each\" hook: finalize codeceptjs in \"login\"",
              "timedOut": false,
              "duration": 521,
              "state": null,
              "speed": null,
              "pass": false,
              "fail": false,
              "pending": false,
              "context": null,
              "code": "scenario.teardown(suite)",
              "err": {},
              "uuid": "d22ef541-8435-48ef-9311-c07c397f712a",
              "parentUUID": "97feb5c7-0bf2-4fde-a945-6d25a535363c",
              "isHook": true,
              "skipped": false
            }
          ],
          "tests": [
            {
              "title": "TC001 - Validate with blank client secret & blank client id",
              "fullTitle": "login: TC001 - Validate with blank client secret & blank client id",
              "timedOut": false,
              "duration": 2749,
              "state": "passed",
              "speed": "slow",
              "pass": true,
              "fail": false,
              "pending": false,
              "context": null,
              "code": "I }) => {\n    I.amOnPage(\"https://qa-ui.venzee.io\");\n    I.click(`//button[contains(text(),'Sign In')]`);\n    I.dontSeeInCurrentUrl(\"https://qa-ui.venzee.io/distribution-packages\");",
              "err": {},
              "uuid": "2d520815-d80a-4cdd-9673-dda6d48792fd",
              "parentUUID": "97feb5c7-0bf2-4fde-a945-6d25a535363c",
              "isHook": false,
              "skipped": false
            },
            {
              "title": "TC002 - Validate for the successfull login with valid client id & secret",
              "fullTitle": "login: TC002 - Validate for the successfull login with valid client id & secret",
              "timedOut": false,
              "duration": 14164,
              "state": "passed",
              "speed": "slow",
              "pass": true,
              "fail": false,
              "pending": false,
              "context": null,
              "code": "I }) => {\n    I.seeElement(`//label[contains(text(),'Client ID')]`);\n    I.seeElement(`//label[contains(text(),'Client Secret')]`);\n    I.fillField(\n      `//body/div[@id='app']/div[1]/div[2]/div[1]/form[1]/div[1]/input[1]`,\n      \"15ue9nieu297chqv36im8lfc54\"\n    );\n    I.fillField(\n      `//body/div[@id='app']/div[1]/div[2]/div[1]/form[1]/div[2]/input[1]`,\n      \"l457qvbgbe55nple1gd0slos66h0khtf1bmro24j3r03taaf8g9\"\n    );\n    I.click(`//button[contains(text(),'Sign In')]`);\n    I.wait(10);\n    I.seeCurrentUrlEquals(\"https://qa-ui.venzee.io/distribution-packages\");",
              "err": {},
              "uuid": "08afd7cf-466c-406d-a5aa-12cec6dcf6d7",
              "parentUUID": "97feb5c7-0bf2-4fde-a945-6d25a535363c",
              "isHook": false,
              "skipped": false
            },
            {
              "title": "TC003 - Validate the successful signout",
              "fullTitle": "login: TC003 - Validate the successful signout",
              "timedOut": false,
              "duration": 629,
              "state": "passed",
              "speed": "slow",
              "pass": true,
              "fail": false,
              "pending": false,
              "context": null,
              "code": "I }) => {\n  I.click(`//a[contains(text(),'Sign Out')]`);\n  I.seeCurrentUrlEquals(\"https://qa-ui.venzee.io/login\");",
              "err": {},
              "uuid": "ce3b0f28-97b0-4f1b-9aaf-317d24e3a9f6",
              "parentUUID": "97feb5c7-0bf2-4fde-a945-6d25a535363c",
              "isHook": false,
              "skipped": false
            },
            {
              "title": "TC004 - Validate with valid client id & invalid client secret",
              "fullTitle": "login: TC004 - Validate with valid client id & invalid client secret",
              "timedOut": false,
              "duration": 3342,
              "state": "passed",
              "speed": "slow",
              "pass": true,
              "fail": false,
              "pending": false,
              "context": null,
              "code": "I }) => {\n    I.fillField(\n      `//body/div[@id='app']/div[1]/div[2]/div[1]/form[1]/div[1]/input[1]`,\n      \"15ue9nieu297chqv36im8lfc54\"\n    );\n    I.fillField(\n      `//body/div[@id='app']/div[1]/div[2]/div[1]/form[1]/div[2]/input[1]`,\n      \"00000000000000000000000000000\"\n    );\n    I.click(`//button[contains(text(),'Sign In')]`);\n    I.dontSeeInCurrentUrl(\"https://qa-ui.venzee.io/distribution-packages\");",
              "err": {},
              "uuid": "553ffda1-1087-4f49-96d6-0972514911ff",
              "parentUUID": "97feb5c7-0bf2-4fde-a945-6d25a535363c",
              "isHook": false,
              "skipped": false
            },
            {
              "title": "TC005 - Validate with invalid client id & valid client secret",
              "fullTitle": "login: TC005 - Validate with invalid client id & valid client secret",
              "timedOut": false,
              "duration": 4036,
              "state": "passed",
              "speed": "slow",
              "pass": true,
              "fail": false,
              "pending": false,
              "context": null,
              "code": "I }) => {\n    I.fillField(\n      `//body/div[@id='app']/div[1]/div[2]/div[1]/form[1]/div[1]/input[1]`,\n      \"000000000000000000000\"\n    );\n    I.fillField(\n      `//body/div[@id='app']/div[1]/div[2]/div[1]/form[1]/div[2]/input[1]`,\n      \"l457qvbgbe55nple1gd0slos66h0khtf1bmro24j3r03taaf8g9\"\n    );\n    I.click(`//button[contains(text(),'Sign In')]`);\n    I.dontSeeInCurrentUrl(\"https://qa-ui.venzee.io/distribution-packages\");",
              "err": {},
              "uuid": "0bbb072b-9a50-4093-97e7-473a95fe72a2",
              "parentUUID": "97feb5c7-0bf2-4fde-a945-6d25a535363c",
              "isHook": false,
              "skipped": false
            },
            {
              "title": "TC006 - Validate with valid client id & blank client secret",
              "fullTitle": "login: TC006 - Validate with valid client id & blank client secret",
              "timedOut": false,
              "duration": 4927,
              "state": "passed",
              "speed": "slow",
              "pass": true,
              "fail": false,
              "pending": false,
              "context": null,
              "code": "I }) => {\n    I.fillField(\n      `//body/div[@id='app']/div[1]/div[2]/div[1]/form[1]/div[1]/input[1]`,\n      \"15ue9nieu297chqv36im8lfc54\"\n    );\n    I.wait(3);\n    I.dontSee(\"PASSWORD MUST BE AT LEAST 8 CHARACTERS\");\n    I.click(`//button[contains(text(),'Sign In')]`);\n    I.dontSeeInCurrentUrl(\"https://qa-ui.venzee.io/distribution-packages\");",
              "err": {},
              "uuid": "ee5968f2-9d9a-46b5-a627-9e4556749fde",
              "parentUUID": "97feb5c7-0bf2-4fde-a945-6d25a535363c",
              "isHook": false,
              "skipped": false
            },
            {
              "title": "TC007 - Validate with valid client secret & blank client id",
              "fullTitle": "login: TC007 - Validate with valid client secret & blank client id",
              "timedOut": false,
              "duration": 4392,
              "state": "passed",
              "speed": "slow",
              "pass": true,
              "fail": false,
              "pending": false,
              "context": null,
              "code": "I }) => {\n    I.amOnPage(\"https://qa-ui.venzee.io\");\n    I.fillField(\n      `//body/div[@id='app']/div[1]/div[2]/div[1]/form[1]/div[2]/input[1]`,\n      \"l457qvbgbe55nple1gd0slos66h0khtf1bmro24j3r03taaf8g9\"\n    );\n    I.dontSee(\"USERNAME MUST BE AT LEAST 8 CHARACTERS\");\n    I.click(`//button[contains(text(),'Sign In')]`);\n    I.dontSeeInCurrentUrl(\"https://qa-ui.venzee.io/distribution-packages\");",
              "err": {},
              "uuid": "23665efc-79ea-4de9-a70d-2b35ace60cb7",
              "parentUUID": "97feb5c7-0bf2-4fde-a945-6d25a535363c",
              "isHook": false,
              "skipped": false
            },
            {
              "title": "TC008 - Validate with special char in client id & client secret",
              "fullTitle": "login: TC008 - Validate with special char in client id & client secret",
              "timedOut": false,
              "duration": 4112,
              "state": "passed",
              "speed": "slow",
              "pass": true,
              "fail": false,
              "pending": false,
              "context": null,
              "code": "I }) => {\n    I.amOnPage(\"https://qa-ui.venzee.io\");\n    I.fillField(\n      `//body/div[@id='app']/div[1]/div[2]/div[1]/form[1]/div[1]/input[1]`,\n      \"!@#$%^&&**\"\n    );\n    I.fillField(\n      `//body/div[@id='app']/div[1]/div[2]/div[1]/form[1]/div[2]/input[1]`,\n      \")(*&^^%$$#@%^&*(\"\n    );\n    I.click(`//button[contains(text(),'Sign In')]`);\n    I.dontSeeInCurrentUrl(\"https://qa-ui.venzee.io/distribution-packages\");",
              "err": {},
              "uuid": "f0f2b018-ee40-4cef-8985-436d45623da3",
              "parentUUID": "97feb5c7-0bf2-4fde-a945-6d25a535363c",
              "isHook": false,
              "skipped": false
            }
          ],
          "suites": [],
          "passes": [
            "2d520815-d80a-4cdd-9673-dda6d48792fd",
            "08afd7cf-466c-406d-a5aa-12cec6dcf6d7",
            "ce3b0f28-97b0-4f1b-9aaf-317d24e3a9f6",
            "553ffda1-1087-4f49-96d6-0972514911ff",
            "0bbb072b-9a50-4093-97e7-473a95fe72a2",
            "ee5968f2-9d9a-46b5-a627-9e4556749fde",
            "23665efc-79ea-4de9-a70d-2b35ace60cb7",
            "f0f2b018-ee40-4cef-8985-436d45623da3"
          ],
          "failures": [],
          "pending": [],
          "skipped": [],
          "duration": 38351,
          "root": false,
          "rootEmpty": false,
          "_timeout": 0
        }
      ],
      "passes": [],
      "failures": [],
      "pending": [],
      "skipped": [],
      "duration": 0,
      "root": true,
      "rootEmpty": true,
      "_timeout": 0
    }
  ],
  "meta": {
    "mocha": {
      "version": "9.2.0"
    },
    "mochawesome": {
      "options": {
        "quiet": false,
        "reportFilename": "mochawesome",
        "saveHtml": true,
        "saveJson": true,
        "consoleReporter": "spec",
        "useInlineDiffs": false,
        "code": true
      },
      "version": "7.0.1"
    },
    "marge": {
      "options": {},
      "version": "6.0.1"
    }
  }
}