{
  "stats": {
    "suites": 3,
    "tests": 8,
    "passes": 8,
    "pending": 0,
    "failures": 0,
    "start": "2022-02-02T18:29:12.819Z",
    "end": "2022-02-02T18:29:29.536Z",
    "duration": 16717,
    "testsRegistered": 8,
    "passPercent": 100,
    "pendingPercent": 0,
    "other": 0,
    "hasOther": false,
    "skipped": 0,
    "hasSkipped": false
  },
  "results": [
    {
      "uuid": "829d7ef8-6931-40f4-abb1-9f5729f896f7",
      "title": "",
      "fullFile": "",
      "file": "",
      "beforeHooks": [],
      "afterHooks": [],
      "tests": [],
      "suites": [
        {
          "uuid": "ac821b11-ddd6-4afa-ad71-19cc64d0d46c",
          "title": "GET tests",
          "fullFile": "D:\\codecept\\GET_test.js",
          "file": "\\GET_test.js",
          "beforeHooks": [
            {
              "title": "\"before all\" hook: codeceptjs.beforeSuite in \"GET tests\"",
              "fullTitle": "GET tests \"before all\" hook: codeceptjs.beforeSuite in \"GET tests\"",
              "timedOut": false,
              "duration": 2066,
              "state": null,
              "speed": null,
              "pass": false,
              "fail": false,
              "pending": false,
              "context": null,
              "code": "scenario.suiteSetup(suite)",
              "err": {},
              "uuid": "611c6ce1-a018-4693-ae33-0a5e7dbc2fe2",
              "parentUUID": "ac821b11-ddd6-4afa-ad71-19cc64d0d46c",
              "isHook": true,
              "skipped": false
            },
            {
              "title": "\"before each\" hook: codeceptjs.before in \"GET tests\"",
              "fullTitle": "GET tests \"before each\" hook: codeceptjs.before in \"GET tests\"",
              "timedOut": false,
              "duration": 0,
              "state": null,
              "speed": null,
              "pass": false,
              "fail": false,
              "pending": false,
              "context": null,
              "code": "scenario.setup(suite)",
              "err": {},
              "uuid": "d98956bd-d960-4db5-92a9-35371848a1ff",
              "parentUUID": "ac821b11-ddd6-4afa-ad71-19cc64d0d46c",
              "isHook": true,
              "skipped": false
            }
          ],
          "afterHooks": [
            {
              "title": "\"after all\" hook: codeceptjs.afterSuite in \"GET tests\"",
              "fullTitle": "GET tests \"after all\" hook: codeceptjs.afterSuite in \"GET tests\"",
              "timedOut": false,
              "duration": 0,
              "state": null,
              "speed": null,
              "pass": false,
              "fail": false,
              "pending": false,
              "context": null,
              "code": "scenario.suiteTeardown(suite)",
              "err": {},
              "uuid": "84f22ebc-c082-41ac-9ced-8c97dee296c9",
              "parentUUID": "ac821b11-ddd6-4afa-ad71-19cc64d0d46c",
              "isHook": true,
              "skipped": false
            },
            {
              "title": "\"after each\" hook: finalize codeceptjs in \"GET tests\"",
              "fullTitle": "GET tests \"after each\" hook: finalize codeceptjs in \"GET tests\"",
              "timedOut": false,
              "duration": 519,
              "state": null,
              "speed": null,
              "pass": false,
              "fail": false,
              "pending": false,
              "context": null,
              "code": "scenario.teardown(suite)",
              "err": {},
              "uuid": "c408802a-731e-4988-9c99-8515f057a575",
              "parentUUID": "ac821b11-ddd6-4afa-ad71-19cc64d0d46c",
              "isHook": true,
              "skipped": false
            }
          ],
          "tests": [
            {
              "title": "TC01 - Verify to get transactions using GET protocol",
              "fullTitle": "GET tests: TC01 - Verify to get transactions using GET protocol",
              "timedOut": false,
              "duration": 1838,
              "state": "passed",
              "speed": "slow",
              "pass": true,
              "fail": false,
              "pending": false,
              "context": null,
              "code": "I.haveRequestHeaders({ auth: \"1111111\" });\nlet user = await I.sendGetRequest(\"/transactions\");\nexpect(user.body).to.not.be.null;\nexpect(user).to.have.property(\"status\", 200);\n// console.log(user.data);\n// I.wait(5);",
              "err": {},
              "uuid": "21aa9fd2-8b82-4bc4-83e2-7d4cdab310f2",
              "parentUUID": "ac821b11-ddd6-4afa-ad71-19cc64d0d46c",
              "isHook": false,
              "skipped": false
            },
            {
              "title": "TC02 - Verify total number of transactions",
              "fullTitle": "GET tests: TC02 - Verify total number of transactions",
              "timedOut": false,
              "duration": 1428,
              "state": "passed",
              "speed": "slow",
              "pass": true,
              "fail": false,
              "pending": false,
              "context": null,
              "code": "I.haveRequestHeaders({ auth: \"1111111\" });\nlet user = await I.sendGetRequest(\"/transactions\");\nexpect(user.data).to.not.have.length.above(100);",
              "err": {},
              "uuid": "a8b4d2d7-6c6d-45af-921c-125eb664dd5e",
              "parentUUID": "ac821b11-ddd6-4afa-ad71-19cc64d0d46c",
              "isHook": false,
              "skipped": false
            },
            {
              "title": "TC03 - Verify response payload properties of a transaction",
              "fullTitle": "GET tests: TC03 - Verify response payload properties of a transaction",
              "timedOut": false,
              "duration": 1180,
              "state": "passed",
              "speed": "slow",
              "pass": true,
              "fail": false,
              "pending": false,
              "context": null,
              "code": "I.haveRequestHeaders({ auth: \"1111111\" });\nlet user = await I.sendGetRequest(\"/transactions/44\");\nexpect(user.body).to.not.be.null;\nexpect(user).to.have.property(\"status\", 200);\nexpect(user.data).to.have.property(\"amount\", \"190.50\");\nexpect(user.data).to.have.property(\n  \"description\",\n  \"deposit transaction at Olson - DuBuque using card ending with ***6307 for NGN 689.32 in account ***40206513\"\n);\nexpect(user.data).to.have.property(\"createdAt\", \"2021-09-26T23:54:46.667Z\");\nexpect(user.data).to.have.property(\"id\", \"44\");\nexpect(user.data).to.have.property(\"type\", \"type 44\");\n// console.log(user.data);",
              "err": {},
              "uuid": "e8db207e-01c0-483c-9ca8-314e25139c9a",
              "parentUUID": "ac821b11-ddd6-4afa-ad71-19cc64d0d46c",
              "isHook": false,
              "skipped": false
            }
          ],
          "suites": [],
          "passes": [
            "21aa9fd2-8b82-4bc4-83e2-7d4cdab310f2",
            "a8b4d2d7-6c6d-45af-921c-125eb664dd5e",
            "e8db207e-01c0-483c-9ca8-314e25139c9a"
          ],
          "failures": [],
          "pending": [],
          "skipped": [],
          "duration": 4446,
          "root": false,
          "rootEmpty": false,
          "_timeout": 0
        },
        {
          "uuid": "4d2f51ed-b0d8-480a-9744-1d6aa14b895e",
          "title": "POST tests",
          "fullFile": "D:\\codecept\\POST_test.js",
          "file": "\\POST_test.js",
          "beforeHooks": [
            {
              "title": "\"before all\" hook: codeceptjs.beforeSuite in \"POST tests\"",
              "fullTitle": "POST tests \"before all\" hook: codeceptjs.beforeSuite in \"POST tests\"",
              "timedOut": false,
              "duration": 1,
              "state": null,
              "speed": null,
              "pass": false,
              "fail": false,
              "pending": false,
              "context": null,
              "code": "scenario.suiteSetup(suite)",
              "err": {},
              "uuid": "68f2bd40-bfc4-4332-84e1-b260ed0913ef",
              "parentUUID": "4d2f51ed-b0d8-480a-9744-1d6aa14b895e",
              "isHook": true,
              "skipped": false
            },
            {
              "title": "\"before each\" hook: codeceptjs.before in \"POST tests\"",
              "fullTitle": "POST tests \"before each\" hook: codeceptjs.before in \"POST tests\"",
              "timedOut": false,
              "duration": 1,
              "state": null,
              "speed": null,
              "pass": false,
              "fail": false,
              "pending": false,
              "context": null,
              "code": "scenario.setup(suite)",
              "err": {},
              "uuid": "e20f08b8-b834-4a20-a3b0-dcd4dfbf075d",
              "parentUUID": "4d2f51ed-b0d8-480a-9744-1d6aa14b895e",
              "isHook": true,
              "skipped": false
            }
          ],
          "afterHooks": [
            {
              "title": "\"after all\" hook: codeceptjs.afterSuite in \"POST tests\"",
              "fullTitle": "POST tests \"after all\" hook: codeceptjs.afterSuite in \"POST tests\"",
              "timedOut": false,
              "duration": 1,
              "state": null,
              "speed": null,
              "pass": false,
              "fail": false,
              "pending": false,
              "context": null,
              "code": "scenario.suiteTeardown(suite)",
              "err": {},
              "uuid": "c5c9ba96-e80c-4719-a83a-ffa0dc219916",
              "parentUUID": "4d2f51ed-b0d8-480a-9744-1d6aa14b895e",
              "isHook": true,
              "skipped": false
            },
            {
              "title": "\"after each\" hook: finalize codeceptjs in \"POST tests\"",
              "fullTitle": "POST tests \"after each\" hook: finalize codeceptjs in \"POST tests\"",
              "timedOut": false,
              "duration": 528,
              "state": null,
              "speed": null,
              "pass": false,
              "fail": false,
              "pending": false,
              "context": null,
              "code": "scenario.teardown(suite)",
              "err": {},
              "uuid": "cb31ddac-cabc-4d48-b47f-4f39eb836e14",
              "parentUUID": "4d2f51ed-b0d8-480a-9744-1d6aa14b895e",
              "isHook": true,
              "skipped": false
            }
          ],
          "tests": [
            {
              "title": "TC04 - Verify to create or update a transaction using POST protocol",
              "fullTitle": "POST tests: TC04 - Verify to create or update a transaction using POST protocol",
              "timedOut": false,
              "duration": 1164,
              "state": "passed",
              "speed": "slow",
              "pass": true,
              "fail": false,
              "pending": false,
              "context": null,
              "code": "I.haveRequestHeaders({ auth: \"1111111\" });\nlet user = await I.sendPostRequest(\"/transactions\", {\n  createdAt: \"2021-09-27T02:27:25.872Z\",\n  description: \"Manjunath made a transaction\",\n  amount: 20,\n  type: \"type 01\",\n  id: \"01\",\n});\n// console.log(user);\nexpect(user).to.have.property(\n  \"status\",\n  400,\n  \"statusText\",\n  \"Bad Request\",\n  \"connection\",\n  \"Close\"\n);",
              "err": {},
              "uuid": "eca7a8e3-d1f8-4a91-9e25-21d0cfe0c2ce",
              "parentUUID": "4d2f51ed-b0d8-480a-9744-1d6aa14b895e",
              "isHook": false,
              "skipped": false
            },
            {
              "title": "TC05 - Verify response headers in POST protocol",
              "fullTitle": "POST tests: TC05 - Verify response headers in POST protocol",
              "timedOut": false,
              "duration": 1145,
              "state": "passed",
              "speed": "slow",
              "pass": true,
              "fail": false,
              "pending": false,
              "context": null,
              "code": "I.haveRequestHeaders({ auth: \"1111111\" });\nlet user = await I.sendPostRequest(\"/transactions\", {\n  createdAt: \"2021-09-27T02:27:25.872Z\",\n  description: \"Manjunath made a transaction\",\n  amount: 20,\n  type: \"type 01\",\n  id: \"01\",\n});\n// console.log(user);\nexpect(user.headers).to.have.property(\"server\", \"Cowboy\");",
              "err": {},
              "uuid": "4464d485-6bd2-470d-a22b-3b09230543cd",
              "parentUUID": "4d2f51ed-b0d8-480a-9744-1d6aa14b895e",
              "isHook": false,
              "skipped": false
            }
          ],
          "suites": [],
          "passes": [
            "eca7a8e3-d1f8-4a91-9e25-21d0cfe0c2ce",
            "4464d485-6bd2-470d-a22b-3b09230543cd"
          ],
          "failures": [],
          "pending": [],
          "skipped": [],
          "duration": 2309,
          "root": false,
          "rootEmpty": false,
          "_timeout": 0
        },
        {
          "uuid": "15225129-43ac-401f-ab4c-9cb0b309ca58",
          "title": "PUT tests",
          "fullFile": "D:\\codecept\\PUT_test.js",
          "file": "\\PUT_test.js",
          "beforeHooks": [
            {
              "title": "\"before all\" hook: codeceptjs.beforeSuite in \"PUT tests\"",
              "fullTitle": "PUT tests \"before all\" hook: codeceptjs.beforeSuite in \"PUT tests\"",
              "timedOut": false,
              "duration": 1,
              "state": null,
              "speed": null,
              "pass": false,
              "fail": false,
              "pending": false,
              "context": null,
              "code": "scenario.suiteSetup(suite)",
              "err": {},
              "uuid": "4a062635-f0b7-4b68-9d94-9a0d295c32fa",
              "parentUUID": "15225129-43ac-401f-ab4c-9cb0b309ca58",
              "isHook": true,
              "skipped": false
            },
            {
              "title": "\"before each\" hook: codeceptjs.before in \"PUT tests\"",
              "fullTitle": "PUT tests \"before each\" hook: codeceptjs.before in \"PUT tests\"",
              "timedOut": false,
              "duration": 0,
              "state": null,
              "speed": null,
              "pass": false,
              "fail": false,
              "pending": false,
              "context": null,
              "code": "scenario.setup(suite)",
              "err": {},
              "uuid": "64af793f-f2b0-45a6-8e46-cd2a817e0a51",
              "parentUUID": "15225129-43ac-401f-ab4c-9cb0b309ca58",
              "isHook": true,
              "skipped": false
            }
          ],
          "afterHooks": [
            {
              "title": "\"after all\" hook: codeceptjs.afterSuite in \"PUT tests\"",
              "fullTitle": "PUT tests \"after all\" hook: codeceptjs.afterSuite in \"PUT tests\"",
              "timedOut": false,
              "duration": 1,
              "state": null,
              "speed": null,
              "pass": false,
              "fail": false,
              "pending": false,
              "context": null,
              "code": "scenario.suiteTeardown(suite)",
              "err": {},
              "uuid": "dcc77188-3087-46e0-8092-3da16d14db53",
              "parentUUID": "15225129-43ac-401f-ab4c-9cb0b309ca58",
              "isHook": true,
              "skipped": false
            },
            {
              "title": "\"after each\" hook: finalize codeceptjs in \"PUT tests\"",
              "fullTitle": "PUT tests \"after each\" hook: finalize codeceptjs in \"PUT tests\"",
              "timedOut": false,
              "duration": 516,
              "state": null,
              "speed": null,
              "pass": false,
              "fail": false,
              "pending": false,
              "context": null,
              "code": "scenario.teardown(suite)",
              "err": {},
              "uuid": "96661110-f507-41dd-b8d6-c6bd858a10b0",
              "parentUUID": "15225129-43ac-401f-ab4c-9cb0b309ca58",
              "isHook": true,
              "skipped": false
            }
          ],
          "tests": [
            {
              "title": "TC06 - Verify to update a resource using PUT protocol",
              "fullTitle": "PUT tests: TC06 - Verify to update a resource using PUT protocol",
              "timedOut": false,
              "duration": 1215,
              "state": "passed",
              "speed": "slow",
              "pass": true,
              "fail": false,
              "pending": false,
              "context": null,
              "code": "I.haveRequestHeaders({ auth: \"1111111\" });\nlet user = await I.sendPutRequest(\"/transactions/43\", { amount: 40 });\n// console.log(user);\nexpect(user).to.have.property(\"status\", 200, \"statusText\", \"OK\");",
              "err": {},
              "uuid": "bbb79cbb-76bf-460a-b6b4-49752c256786",
              "parentUUID": "15225129-43ac-401f-ab4c-9cb0b309ca58",
              "isHook": false,
              "skipped": false
            },
            {
              "title": "TC07 - Verify whether resouce is actually updated",
              "fullTitle": "PUT tests: TC07 - Verify whether resouce is actually updated",
              "timedOut": false,
              "duration": 1302,
              "state": "passed",
              "speed": "slow",
              "pass": true,
              "fail": false,
              "pending": false,
              "context": null,
              "code": "I.haveRequestHeaders({ auth: \"1111111\" });\nlet user = await I.sendPutRequest(\"/transactions/43\", { amount: 40 });\n// console.log(user);\nexpect(user).to.have.property(\"status\", 200, \"statusText\", \"OK\");\nexpect(user.data).to.have.property(\"amount\", 40);",
              "err": {},
              "uuid": "b929f2bc-2f69-4e69-9db6-944ec6bb99cd",
              "parentUUID": "15225129-43ac-401f-ab4c-9cb0b309ca58",
              "isHook": false,
              "skipped": false
            },
            {
              "title": "TC08 - Verify the response headers in PUT protocol",
              "fullTitle": "PUT tests: TC08 - Verify the response headers in PUT protocol",
              "timedOut": false,
              "duration": 1149,
              "state": "passed",
              "speed": "slow",
              "pass": true,
              "fail": false,
              "pending": false,
              "context": null,
              "code": "I.haveRequestHeaders({ auth: \"1111111\" });\nlet user = await I.sendPutRequest(\"/transactions/43\", { amount: 40 });\n// console.log(user);\nexpect(user).to.have.property(\"status\", 200, \"statusText\", \"OK\");\nexpect(user.headers).to.have.property(\"server\", \"Cowboy\");",
              "err": {},
              "uuid": "57b6fb89-2516-4356-8b5c-083436edf501",
              "parentUUID": "15225129-43ac-401f-ab4c-9cb0b309ca58",
              "isHook": false,
              "skipped": false
            }
          ],
          "suites": [],
          "passes": [
            "bbb79cbb-76bf-460a-b6b4-49752c256786",
            "b929f2bc-2f69-4e69-9db6-944ec6bb99cd",
            "57b6fb89-2516-4356-8b5c-083436edf501"
          ],
          "failures": [],
          "pending": [],
          "skipped": [],
          "duration": 3666,
          "root": false,
          "rootEmpty": false,
          "_timeout": 0
        }
      ],
      "passes": [],
      "failures": [],
      "pending": [],
      "skipped": [],
      "duration": 0,
      "root": true,
      "rootEmpty": true,
      "_timeout": 0
    }
  ],
  "meta": {
    "mocha": {
      "version": "9.2.0"
    },
    "mochawesome": {
      "options": {
        "quiet": false,
        "reportFilename": "mochawesome",
        "saveHtml": true,
        "saveJson": true,
        "consoleReporter": "spec",
        "useInlineDiffs": false,
        "code": true
      },
      "version": "7.0.1"
    },
    "marge": {
      "options": {},
      "version": "6.0.1"
    }
  }
}